2019-12-13 09:45:14.174  INFO 11140 --- [main] a.k.s.SimpleProducerApplication          : Starting SimpleProducerApplication on workstation with PID 11140 (/home/asw/projects/asw-840-kafka/a-simple-messaging/simple-producer/build/classes/java/main started by vagrant in /home/asw/projects/asw-840-kafka/a-simple-messaging/simple-producer)
2019-12-13 09:45:14.191  INFO 11140 --- [main] a.k.s.SimpleProducerApplication          : No active profile set, falling back to default profiles: default
2019-12-13 09:45:17.125  INFO 11140 --- [main] a.k.s.SimpleProducerApplication          : Started SimpleProducerApplication in 4.398 seconds (JVM running for 5.47)
2019-12-13 09:45:17.148  INFO 11140 --- [main] c.k.s.domain.SimpleProducerService       : PUBLISHING MESSAGE: Message #0
2019-12-13 09:45:17.151  INFO 11140 --- [main] c.k.s.m.SimpleMessagePublisherImpl       : PUBLISHING MESSAGE: Message #0 ON CHANNEL: asw.kafka.channel.beta
2019-12-13 09:45:17.180  INFO 11140 --- [main] o.a.k.clients.producer.ProducerConfig    : ProducerConfig values: 
	acks = 1
	batch.size = 16384
	bootstrap.servers = [10.11.1.111:9092]
	buffer.memory = 33554432
	client.dns.lookup = default
	client.id = 
	compression.type = none
	connections.max.idle.ms = 540000
	delivery.timeout.ms = 120000
	enable.idempotence = false
	interceptor.classes = []
	key.serializer = class org.apache.kafka.common.serialization.StringSerializer
	linger.ms = 0
	max.block.ms = 60000
	max.in.flight.requests.per.connection = 5
	max.request.size = 1048576
	metadata.max.age.ms = 300000
	metric.reporters = []
	metrics.num.samples = 2
	metrics.recording.level = INFO
	metrics.sample.window.ms = 30000
	partitioner.class = class org.apache.kafka.clients.producer.internals.DefaultPartitioner
	receive.buffer.bytes = 32768
	reconnect.backoff.max.ms = 1000
	reconnect.backoff.ms = 50
	request.timeout.ms = 30000
	retries = 2147483647
	retry.backoff.ms = 100
	sasl.client.callback.handler.class = null
	sasl.jaas.config = null
	sasl.kerberos.kinit.cmd = /usr/bin/kinit
	sasl.kerberos.min.time.before.relogin = 60000
	sasl.kerberos.service.name = null
	sasl.kerberos.ticket.renew.jitter = 0.05
	sasl.kerberos.ticket.renew.window.factor = 0.8
	sasl.login.callback.handler.class = null
	sasl.login.class = null
	sasl.login.refresh.buffer.seconds = 300
	sasl.login.refresh.min.period.seconds = 60
	sasl.login.refresh.window.factor = 0.8
	sasl.login.refresh.window.jitter = 0.05
	sasl.mechanism = GSSAPI
	security.protocol = PLAINTEXT
	send.buffer.bytes = 131072
	ssl.cipher.suites = null
	ssl.enabled.protocols = [TLSv1.2, TLSv1.1, TLSv1]
	ssl.endpoint.identification.algorithm = https
	ssl.key.password = null
	ssl.keymanager.algorithm = SunX509
	ssl.keystore.location = null
	ssl.keystore.password = null
	ssl.keystore.type = JKS
	ssl.protocol = TLS
	ssl.provider = null
	ssl.secure.random.implementation = null
	ssl.trustmanager.algorithm = PKIX
	ssl.truststore.location = null
	ssl.truststore.password = null
	ssl.truststore.type = JKS
	transaction.timeout.ms = 60000
	transactional.id = null
	value.serializer = class org.springframework.kafka.support.serializer.JsonSerializer

2019-12-13 09:45:17.431  INFO 11140 --- [main] o.a.kafka.common.utils.AppInfoParser     : Kafka version: 2.3.1
2019-12-13 09:45:17.436  INFO 11140 --- [main] o.a.kafka.common.utils.AppInfoParser     : Kafka commitId: 18a913733fb71c01
2019-12-13 09:45:17.437  INFO 11140 --- [main] o.a.kafka.common.utils.AppInfoParser     : Kafka startTimeMs: 1576230317427
2019-12-13 09:45:17.887  INFO 11140 --- [kafka-producer-network-thread | producer-1] org.apache.kafka.clients.Metadata        : [Producer clientId=producer-1] Cluster ID: k7hJIWW8RW2qLDfQrdboSg
2019-12-13 09:45:17.957  INFO 11140 --- [main] c.k.s.domain.SimpleProducerService       : PUBLISHING MESSAGE: Message #1
2019-12-13 09:45:17.962  INFO 11140 --- [main] c.k.s.m.SimpleMessagePublisherImpl       : PUBLISHING MESSAGE: Message #1 ON CHANNEL: asw.kafka.channel.beta
2019-12-13 09:45:17.963  INFO 11140 --- [main] c.k.s.domain.SimpleProducerService       : PUBLISHING MESSAGE: Message #2
2019-12-13 09:45:17.985  INFO 11140 --- [main] c.k.s.m.SimpleMessagePublisherImpl       : PUBLISHING MESSAGE: Message #2 ON CHANNEL: asw.kafka.channel.beta
2019-12-13 09:45:17.988  INFO 11140 --- [main] c.k.s.domain.SimpleProducerService       : PUBLISHING MESSAGE: Message #3
2019-12-13 09:45:17.989  INFO 11140 --- [main] c.k.s.m.SimpleMessagePublisherImpl       : PUBLISHING MESSAGE: Message #3 ON CHANNEL: asw.kafka.channel.beta
2019-12-13 09:45:17.997  INFO 11140 --- [main] c.k.s.domain.SimpleProducerService       : PUBLISHING MESSAGE: Message #4
2019-12-13 09:45:17.998  INFO 11140 --- [main] c.k.s.m.SimpleMessagePublisherImpl       : PUBLISHING MESSAGE: Message #4 ON CHANNEL: asw.kafka.channel.beta
2019-12-13 09:45:17.999  INFO 11140 --- [main] c.k.s.domain.SimpleProducerService       : PUBLISHING MESSAGE: Message #5
2019-12-13 09:45:18.006  INFO 11140 --- [main] c.k.s.m.SimpleMessagePublisherImpl       : PUBLISHING MESSAGE: Message #5 ON CHANNEL: asw.kafka.channel.beta
2019-12-13 09:45:18.007  INFO 11140 --- [main] c.k.s.domain.SimpleProducerService       : PUBLISHING MESSAGE: Message #6
2019-12-13 09:45:18.018  INFO 11140 --- [main] c.k.s.m.SimpleMessagePublisherImpl       : PUBLISHING MESSAGE: Message #6 ON CHANNEL: asw.kafka.channel.beta
2019-12-13 09:45:18.020  INFO 11140 --- [main] c.k.s.domain.SimpleProducerService       : PUBLISHING MESSAGE: Message #7
2019-12-13 09:45:18.021  INFO 11140 --- [main] c.k.s.m.SimpleMessagePublisherImpl       : PUBLISHING MESSAGE: Message #7 ON CHANNEL: asw.kafka.channel.beta
2019-12-13 09:45:18.025  INFO 11140 --- [main] c.k.s.domain.SimpleProducerService       : PUBLISHING MESSAGE: Message #8
2019-12-13 09:45:18.027  INFO 11140 --- [main] c.k.s.m.SimpleMessagePublisherImpl       : PUBLISHING MESSAGE: Message #8 ON CHANNEL: asw.kafka.channel.beta
2019-12-13 09:45:18.029  INFO 11140 --- [main] c.k.s.domain.SimpleProducerService       : PUBLISHING MESSAGE: Message #9
2019-12-13 09:45:18.032  INFO 11140 --- [main] c.k.s.m.SimpleMessagePublisherImpl       : PUBLISHING MESSAGE: Message #9 ON CHANNEL: asw.kafka.channel.beta
2019-12-13 09:45:18.070  INFO 11140 --- [SpringContextShutdownHook] o.a.k.clients.producer.KafkaProducer     : [Producer clientId=producer-1] Closing the Kafka producer with timeoutMillis = 30000 ms.
