2019-12-13 15:06:54.109  INFO 25820 --- [main] a.k.s.SimpleConsumerApplication          : Starting SimpleConsumerApplication on workstation with PID 25820 (/home/asw/projects/asw-840-kafka/a-simple-messaging/simple-consumer/build/classes/java/main started by vagrant in /home/asw/projects/asw-840-kafka/a-simple-messaging/simple-consumer)
2019-12-13 15:06:54.139  INFO 25820 --- [main] a.k.s.SimpleConsumerApplication          : No active profile set, falling back to default profiles: default
2019-12-13 15:07:00.858  INFO 25820 --- [main] o.a.k.clients.admin.AdminClientConfig    : AdminClientConfig values: 
	bootstrap.servers = [10.11.1.111:9092]
	client.dns.lookup = default
	client.id = 
	connections.max.idle.ms = 300000
	metadata.max.age.ms = 300000
	metric.reporters = []
	metrics.num.samples = 2
	metrics.recording.level = INFO
	metrics.sample.window.ms = 30000
	receive.buffer.bytes = 65536
	reconnect.backoff.max.ms = 1000
	reconnect.backoff.ms = 50
	request.timeout.ms = 120000
	retries = 5
	retry.backoff.ms = 100
	sasl.client.callback.handler.class = null
	sasl.jaas.config = null
	sasl.kerberos.kinit.cmd = /usr/bin/kinit
	sasl.kerberos.min.time.before.relogin = 60000
	sasl.kerberos.service.name = null
	sasl.kerberos.ticket.renew.jitter = 0.05
	sasl.kerberos.ticket.renew.window.factor = 0.8
	sasl.login.callback.handler.class = null
	sasl.login.class = null
	sasl.login.refresh.buffer.seconds = 300
	sasl.login.refresh.min.period.seconds = 60
	sasl.login.refresh.window.factor = 0.8
	sasl.login.refresh.window.jitter = 0.05
	sasl.mechanism = GSSAPI
	security.protocol = PLAINTEXT
	send.buffer.bytes = 131072
	ssl.cipher.suites = null
	ssl.enabled.protocols = [TLSv1.2, TLSv1.1, TLSv1]
	ssl.endpoint.identification.algorithm = https
	ssl.key.password = null
	ssl.keymanager.algorithm = SunX509
	ssl.keystore.location = null
	ssl.keystore.password = null
	ssl.keystore.type = JKS
	ssl.protocol = TLS
	ssl.provider = null
	ssl.secure.random.implementation = null
	ssl.trustmanager.algorithm = PKIX
	ssl.truststore.location = null
	ssl.truststore.password = null
	ssl.truststore.type = JKS

2019-12-13 15:07:01.323  INFO 25820 --- [main] o.a.kafka.common.utils.AppInfoParser     : Kafka version: 2.3.1
2019-12-13 15:07:01.342  INFO 25820 --- [main] o.a.kafka.common.utils.AppInfoParser     : Kafka commitId: 18a913733fb71c01
2019-12-13 15:07:01.343  INFO 25820 --- [main] o.a.kafka.common.utils.AppInfoParser     : Kafka startTimeMs: 1576249621309
2019-12-13 15:07:02.338  INFO 25820 --- [main] o.a.k.clients.consumer.ConsumerConfig    : ConsumerConfig values: 
	allow.auto.create.topics = true
	auto.commit.interval.ms = 5000
	auto.offset.reset = latest
	bootstrap.servers = [10.11.1.111:9092]
	check.crcs = true
	client.dns.lookup = default
	client.id = 
	client.rack = 
	connections.max.idle.ms = 540000
	default.api.timeout.ms = 60000
	enable.auto.commit = false
	exclude.internal.topics = true
	fetch.max.bytes = 52428800
	fetch.max.wait.ms = 500
	fetch.min.bytes = 1
	group.id = G2
	group.instance.id = null
	heartbeat.interval.ms = 3000
	interceptor.classes = []
	internal.leave.group.on.close = true
	isolation.level = read_uncommitted
	key.deserializer = class org.apache.kafka.common.serialization.StringDeserializer
	max.partition.fetch.bytes = 1048576
	max.poll.interval.ms = 300000
	max.poll.records = 500
	metadata.max.age.ms = 300000
	metric.reporters = []
	metrics.num.samples = 2
	metrics.recording.level = INFO
	metrics.sample.window.ms = 30000
	partition.assignment.strategy = [class org.apache.kafka.clients.consumer.RangeAssignor]
	receive.buffer.bytes = 65536
	reconnect.backoff.max.ms = 1000
	reconnect.backoff.ms = 50
	request.timeout.ms = 30000
	retry.backoff.ms = 100
	sasl.client.callback.handler.class = null
	sasl.jaas.config = null
	sasl.kerberos.kinit.cmd = /usr/bin/kinit
	sasl.kerberos.min.time.before.relogin = 60000
	sasl.kerberos.service.name = null
	sasl.kerberos.ticket.renew.jitter = 0.05
	sasl.kerberos.ticket.renew.window.factor = 0.8
	sasl.login.callback.handler.class = null
	sasl.login.class = null
	sasl.login.refresh.buffer.seconds = 300
	sasl.login.refresh.min.period.seconds = 60
	sasl.login.refresh.window.factor = 0.8
	sasl.login.refresh.window.jitter = 0.05
	sasl.mechanism = GSSAPI
	security.protocol = PLAINTEXT
	send.buffer.bytes = 131072
	session.timeout.ms = 10000
	ssl.cipher.suites = null
	ssl.enabled.protocols = [TLSv1.2, TLSv1.1, TLSv1]
	ssl.endpoint.identification.algorithm = https
	ssl.key.password = null
	ssl.keymanager.algorithm = SunX509
	ssl.keystore.location = null
	ssl.keystore.password = null
	ssl.keystore.type = JKS
	ssl.protocol = TLS
	ssl.provider = null
	ssl.secure.random.implementation = null
	ssl.trustmanager.algorithm = PKIX
	ssl.truststore.location = null
	ssl.truststore.password = null
	ssl.truststore.type = JKS
	value.deserializer = class org.springframework.kafka.support.serializer.JsonDeserializer

2019-12-13 15:07:02.440  INFO 25820 --- [main] o.a.kafka.common.utils.AppInfoParser     : Kafka version: 2.3.1
2019-12-13 15:07:02.443  INFO 25820 --- [main] o.a.kafka.common.utils.AppInfoParser     : Kafka commitId: 18a913733fb71c01
2019-12-13 15:07:02.454  INFO 25820 --- [main] o.a.kafka.common.utils.AppInfoParser     : Kafka startTimeMs: 1576249622440
2019-12-13 15:07:02.459  INFO 25820 --- [main] o.a.k.clients.consumer.KafkaConsumer     : [Consumer clientId=consumer-1, groupId=G2] Subscribed to topic(s): asw.kafka.channel.beta
2019-12-13 15:07:02.461  INFO 25820 --- [main] o.s.s.c.ThreadPoolTaskScheduler          : Initializing ExecutorService
2019-12-13 15:07:02.519  INFO 25820 --- [main] a.k.s.SimpleConsumerApplication          : Started SimpleConsumerApplication in 10.934 seconds (JVM running for 12.749)
2019-12-13 15:07:02.542  INFO 25820 --- [org.springframework.kafka.KafkaListenerEndpointContainer#0-0-C-1] org.apache.kafka.clients.Metadata        : [Consumer clientId=consumer-1, groupId=G2] Cluster ID: E-9BuV8sQ_mEt08umOiEPw
2019-12-13 15:07:02.546  INFO 25820 --- [org.springframework.kafka.KafkaListenerEndpointContainer#0-0-C-1] o.a.k.c.c.internals.AbstractCoordinator  : [Consumer clientId=consumer-1, groupId=G2] Discovered group coordinator 10.11.1.111:9092 (id: 2147482646 rack: null)
2019-12-13 15:07:02.560  INFO 25820 --- [org.springframework.kafka.KafkaListenerEndpointContainer#0-0-C-1] o.a.k.c.c.internals.ConsumerCoordinator  : [Consumer clientId=consumer-1, groupId=G2] Revoking previously assigned partitions []
2019-12-13 15:07:02.570  INFO 25820 --- [org.springframework.kafka.KafkaListenerEndpointContainer#0-0-C-1] o.s.k.l.KafkaMessageListenerContainer    : G2: partitions revoked: []
2019-12-13 15:07:02.571  INFO 25820 --- [org.springframework.kafka.KafkaListenerEndpointContainer#0-0-C-1] o.a.k.c.c.internals.AbstractCoordinator  : [Consumer clientId=consumer-1, groupId=G2] (Re-)joining group
2019-12-13 15:07:02.595  INFO 25820 --- [org.springframework.kafka.KafkaListenerEndpointContainer#0-0-C-1] o.a.k.c.c.internals.AbstractCoordinator  : [Consumer clientId=consumer-1, groupId=G2] (Re-)joining group
2019-12-13 15:07:04.986  INFO 25820 --- [org.springframework.kafka.KafkaListenerEndpointContainer#0-0-C-1] o.a.k.c.c.internals.AbstractCoordinator  : [Consumer clientId=consumer-1, groupId=G2] Successfully joined group with generation 10
2019-12-13 15:07:05.009  INFO 25820 --- [org.springframework.kafka.KafkaListenerEndpointContainer#0-0-C-1] o.a.k.c.c.internals.ConsumerCoordinator  : [Consumer clientId=consumer-1, groupId=G2] Setting newly assigned partitions: asw.kafka.channel.beta-3, asw.kafka.channel.beta-2
2019-12-13 15:07:05.060  INFO 25820 --- [org.springframework.kafka.KafkaListenerEndpointContainer#0-0-C-1] o.a.k.c.c.internals.ConsumerCoordinator  : [Consumer clientId=consumer-1, groupId=G2] Setting offset for partition asw.kafka.channel.beta-3 to the committed offset FetchPosition{offset=23, offsetEpoch=Optional.empty, currentLeader=LeaderAndEpoch{leader=10.11.1.111:9092 (id: 1001 rack: null), epoch=0}}
2019-12-13 15:07:05.064  INFO 25820 --- [org.springframework.kafka.KafkaListenerEndpointContainer#0-0-C-1] o.a.k.c.c.internals.ConsumerCoordinator  : [Consumer clientId=consumer-1, groupId=G2] Setting offset for partition asw.kafka.channel.beta-2 to the committed offset FetchPosition{offset=20, offsetEpoch=Optional.empty, currentLeader=LeaderAndEpoch{leader=10.11.1.111:9092 (id: 1001 rack: null), epoch=0}}
2019-12-13 15:07:05.076  INFO 25820 --- [org.springframework.kafka.KafkaListenerEndpointContainer#0-0-C-1] o.s.k.l.KafkaMessageListenerContainer    : G2: partitions assigned: [asw.kafka.channel.beta-3, asw.kafka.channel.beta-2]
2019-12-13 15:07:05.451  INFO 25820 --- [org.springframework.kafka.KafkaListenerEndpointContainer#0-0-C-1] c.k.s.m.SimpleMessageListener            : MESSAGE LISTENER: ConsumerRecord(topic = asw.kafka.channel.beta, partition = 3, leaderEpoch = 0, offset = 23, CreateTime = 1576249625261, serialized key size = -1, serialized value size = 12, headers = RecordHeaders(headers = [], isReadOnly = false), key = null, value = Message #0)
2019-12-13 15:07:05.453  INFO 25820 --- [org.springframework.kafka.KafkaListenerEndpointContainer#0-0-C-1] c.k.s.domain.SimpleConsumerService       : RECEIVED MESSAGE: Message #0
2019-12-13 15:07:05.475  INFO 25820 --- [org.springframework.kafka.KafkaListenerEndpointContainer#0-0-C-1] c.k.s.m.SimpleMessageListener            : MESSAGE LISTENER: ConsumerRecord(topic = asw.kafka.channel.beta, partition = 3, leaderEpoch = 0, offset = 24, CreateTime = 1576249625281, serialized key size = -1, serialized value size = 12, headers = RecordHeaders(headers = [], isReadOnly = false), key = null, value = Message #4)
2019-12-13 15:07:05.483  INFO 25820 --- [org.springframework.kafka.KafkaListenerEndpointContainer#0-0-C-1] c.k.s.domain.SimpleConsumerService       : RECEIVED MESSAGE: Message #4
2019-12-13 15:07:05.493  INFO 25820 --- [org.springframework.kafka.KafkaListenerEndpointContainer#0-0-C-1] c.k.s.m.SimpleMessageListener            : MESSAGE LISTENER: ConsumerRecord(topic = asw.kafka.channel.beta, partition = 3, leaderEpoch = 0, offset = 25, CreateTime = 1576249625297, serialized key size = -1, serialized value size = 12, headers = RecordHeaders(headers = [], isReadOnly = false), key = null, value = Message #8)
2019-12-13 15:07:05.504  INFO 25820 --- [org.springframework.kafka.KafkaListenerEndpointContainer#0-0-C-1] c.k.s.domain.SimpleConsumerService       : RECEIVED MESSAGE: Message #8
2019-12-13 15:07:05.505  INFO 25820 --- [org.springframework.kafka.KafkaListenerEndpointContainer#0-0-C-1] c.k.s.m.SimpleMessageListener            : MESSAGE LISTENER: ConsumerRecord(topic = asw.kafka.channel.beta, partition = 2, leaderEpoch = 0, offset = 20, CreateTime = 1576249625275, serialized key size = -1, serialized value size = 12, headers = RecordHeaders(headers = [], isReadOnly = false), key = null, value = Message #1)
2019-12-13 15:07:05.505  INFO 25820 --- [org.springframework.kafka.KafkaListenerEndpointContainer#0-0-C-1] c.k.s.domain.SimpleConsumerService       : RECEIVED MESSAGE: Message #1
2019-12-13 15:07:05.509  INFO 25820 --- [org.springframework.kafka.KafkaListenerEndpointContainer#0-0-C-1] c.k.s.m.SimpleMessageListener            : MESSAGE LISTENER: ConsumerRecord(topic = asw.kafka.channel.beta, partition = 2, leaderEpoch = 0, offset = 21, CreateTime = 1576249625294, serialized key size = -1, serialized value size = 12, headers = RecordHeaders(headers = [], isReadOnly = false), key = null, value = Message #5)
2019-12-13 15:07:05.510  INFO 25820 --- [org.springframework.kafka.KafkaListenerEndpointContainer#0-0-C-1] c.k.s.domain.SimpleConsumerService       : RECEIVED MESSAGE: Message #5
2019-12-13 15:07:05.510  INFO 25820 --- [org.springframework.kafka.KafkaListenerEndpointContainer#0-0-C-1] c.k.s.m.SimpleMessageListener            : MESSAGE LISTENER: ConsumerRecord(topic = asw.kafka.channel.beta, partition = 2, leaderEpoch = 0, offset = 22, CreateTime = 1576249625298, serialized key size = -1, serialized value size = 12, headers = RecordHeaders(headers = [], isReadOnly = false), key = null, value = Message #9)
2019-12-13 15:07:05.511  INFO 25820 --- [org.springframework.kafka.KafkaListenerEndpointContainer#0-0-C-1] c.k.s.domain.SimpleConsumerService       : RECEIVED MESSAGE: Message #9
2019-12-13 15:07:32.978  INFO 25820 --- [org.springframework.kafka.KafkaListenerEndpointContainer#0-0-C-1] o.a.k.c.c.internals.AbstractCoordinator  : [Consumer clientId=consumer-1, groupId=G2] Member consumer-1-bc7f1e64-ee62-436b-87bb-0a2e4a6a435a sending LeaveGroup request to coordinator 10.11.1.111:9092 (id: 2147482646 rack: null)
2019-12-13 15:07:32.984  INFO 25820 --- [org.springframework.kafka.KafkaListenerEndpointContainer#0-0-C-1] o.a.k.clients.consumer.KafkaConsumer     : [Consumer clientId=consumer-1, groupId=G2] Unsubscribed all topics or patterns and assigned partitions
2019-12-13 15:07:32.988  INFO 25820 --- [org.springframework.kafka.KafkaListenerEndpointContainer#0-0-C-1] o.s.s.c.ThreadPoolTaskScheduler          : Shutting down ExecutorService
2019-12-13 15:07:32.997  INFO 25820 --- [org.springframework.kafka.KafkaListenerEndpointContainer#0-0-C-1] essageListenerContainer$ListenerConsumer : G2: Consumer stopped
