2019-12-13 14:40:27.261  INFO 24323 --- [main] a.k.s.SimpleConsumerApplication          : Starting SimpleConsumerApplication on workstation with PID 24323 (/home/asw/projects/asw-840-kafka/a-simple-messaging/simple-consumer/build/classes/java/main started by vagrant in /home/asw/projects/asw-840-kafka/a-simple-messaging/simple-consumer)
2019-12-13 14:40:27.297  INFO 24323 --- [main] a.k.s.SimpleConsumerApplication          : No active profile set, falling back to default profiles: default
2019-12-13 14:40:31.515  INFO 24323 --- [main] o.a.k.clients.admin.AdminClientConfig    : AdminClientConfig values: 
	bootstrap.servers = [10.11.1.111:9092]
	client.dns.lookup = default
	client.id = 
	connections.max.idle.ms = 300000
	metadata.max.age.ms = 300000
	metric.reporters = []
	metrics.num.samples = 2
	metrics.recording.level = INFO
	metrics.sample.window.ms = 30000
	receive.buffer.bytes = 65536
	reconnect.backoff.max.ms = 1000
	reconnect.backoff.ms = 50
	request.timeout.ms = 120000
	retries = 5
	retry.backoff.ms = 100
	sasl.client.callback.handler.class = null
	sasl.jaas.config = null
	sasl.kerberos.kinit.cmd = /usr/bin/kinit
	sasl.kerberos.min.time.before.relogin = 60000
	sasl.kerberos.service.name = null
	sasl.kerberos.ticket.renew.jitter = 0.05
	sasl.kerberos.ticket.renew.window.factor = 0.8
	sasl.login.callback.handler.class = null
	sasl.login.class = null
	sasl.login.refresh.buffer.seconds = 300
	sasl.login.refresh.min.period.seconds = 60
	sasl.login.refresh.window.factor = 0.8
	sasl.login.refresh.window.jitter = 0.05
	sasl.mechanism = GSSAPI
	security.protocol = PLAINTEXT
	send.buffer.bytes = 131072
	ssl.cipher.suites = null
	ssl.enabled.protocols = [TLSv1.2, TLSv1.1, TLSv1]
	ssl.endpoint.identification.algorithm = https
	ssl.key.password = null
	ssl.keymanager.algorithm = SunX509
	ssl.keystore.location = null
	ssl.keystore.password = null
	ssl.keystore.type = JKS
	ssl.protocol = TLS
	ssl.provider = null
	ssl.secure.random.implementation = null
	ssl.trustmanager.algorithm = PKIX
	ssl.truststore.location = null
	ssl.truststore.password = null
	ssl.truststore.type = JKS

2019-12-13 14:40:31.864  INFO 24323 --- [main] o.a.kafka.common.utils.AppInfoParser     : Kafka version: 2.3.1
2019-12-13 14:40:31.872  INFO 24323 --- [main] o.a.kafka.common.utils.AppInfoParser     : Kafka commitId: 18a913733fb71c01
2019-12-13 14:40:31.873  INFO 24323 --- [main] o.a.kafka.common.utils.AppInfoParser     : Kafka startTimeMs: 1576248031861
2019-12-13 14:40:32.481  INFO 24323 --- [main] o.a.k.clients.consumer.ConsumerConfig    : ConsumerConfig values: 
	allow.auto.create.topics = true
	auto.commit.interval.ms = 5000
	auto.offset.reset = latest
	bootstrap.servers = [10.11.1.111:9092]
	check.crcs = true
	client.dns.lookup = default
	client.id = 
	client.rack = 
	connections.max.idle.ms = 540000
	default.api.timeout.ms = 60000
	enable.auto.commit = false
	exclude.internal.topics = true
	fetch.max.bytes = 52428800
	fetch.max.wait.ms = 500
	fetch.min.bytes = 1
	group.id = G1
	group.instance.id = null
	heartbeat.interval.ms = 3000
	interceptor.classes = []
	internal.leave.group.on.close = true
	isolation.level = read_uncommitted
	key.deserializer = class org.apache.kafka.common.serialization.StringDeserializer
	max.partition.fetch.bytes = 1048576
	max.poll.interval.ms = 300000
	max.poll.records = 500
	metadata.max.age.ms = 300000
	metric.reporters = []
	metrics.num.samples = 2
	metrics.recording.level = INFO
	metrics.sample.window.ms = 30000
	partition.assignment.strategy = [class org.apache.kafka.clients.consumer.RangeAssignor]
	receive.buffer.bytes = 65536
	reconnect.backoff.max.ms = 1000
	reconnect.backoff.ms = 50
	request.timeout.ms = 30000
	retry.backoff.ms = 100
	sasl.client.callback.handler.class = null
	sasl.jaas.config = null
	sasl.kerberos.kinit.cmd = /usr/bin/kinit
	sasl.kerberos.min.time.before.relogin = 60000
	sasl.kerberos.service.name = null
	sasl.kerberos.ticket.renew.jitter = 0.05
	sasl.kerberos.ticket.renew.window.factor = 0.8
	sasl.login.callback.handler.class = null
	sasl.login.class = null
	sasl.login.refresh.buffer.seconds = 300
	sasl.login.refresh.min.period.seconds = 60
	sasl.login.refresh.window.factor = 0.8
	sasl.login.refresh.window.jitter = 0.05
	sasl.mechanism = GSSAPI
	security.protocol = PLAINTEXT
	send.buffer.bytes = 131072
	session.timeout.ms = 10000
	ssl.cipher.suites = null
	ssl.enabled.protocols = [TLSv1.2, TLSv1.1, TLSv1]
	ssl.endpoint.identification.algorithm = https
	ssl.key.password = null
	ssl.keymanager.algorithm = SunX509
	ssl.keystore.location = null
	ssl.keystore.password = null
	ssl.keystore.type = JKS
	ssl.protocol = TLS
	ssl.provider = null
	ssl.secure.random.implementation = null
	ssl.trustmanager.algorithm = PKIX
	ssl.truststore.location = null
	ssl.truststore.password = null
	ssl.truststore.type = JKS
	value.deserializer = class org.springframework.kafka.support.serializer.JsonDeserializer

2019-12-13 14:40:32.640  INFO 24323 --- [main] o.a.kafka.common.utils.AppInfoParser     : Kafka version: 2.3.1
2019-12-13 14:40:32.656  INFO 24323 --- [main] o.a.kafka.common.utils.AppInfoParser     : Kafka commitId: 18a913733fb71c01
2019-12-13 14:40:32.657  INFO 24323 --- [main] o.a.kafka.common.utils.AppInfoParser     : Kafka startTimeMs: 1576248032640
2019-12-13 14:40:32.668  INFO 24323 --- [main] o.a.k.clients.consumer.KafkaConsumer     : [Consumer clientId=consumer-1, groupId=G1] Subscribed to topic(s): asw.kafka.channel.beta
2019-12-13 14:40:32.680  INFO 24323 --- [main] o.s.s.c.ThreadPoolTaskScheduler          : Initializing ExecutorService
2019-12-13 14:40:32.780  INFO 24323 --- [main] a.k.s.SimpleConsumerApplication          : Started SimpleConsumerApplication in 7.096 seconds (JVM running for 8.37)
2019-12-13 14:40:32.796  INFO 24323 --- [org.springframework.kafka.KafkaListenerEndpointContainer#0-0-C-1] org.apache.kafka.clients.Metadata        : [Consumer clientId=consumer-1, groupId=G1] Cluster ID: E-9BuV8sQ_mEt08umOiEPw
2019-12-13 14:40:32.814  INFO 24323 --- [org.springframework.kafka.KafkaListenerEndpointContainer#0-0-C-1] o.a.k.c.c.internals.AbstractCoordinator  : [Consumer clientId=consumer-1, groupId=G1] Discovered group coordinator 10.11.1.111:9092 (id: 2147482646 rack: null)
2019-12-13 14:40:32.844  INFO 24323 --- [org.springframework.kafka.KafkaListenerEndpointContainer#0-0-C-1] o.a.k.c.c.internals.ConsumerCoordinator  : [Consumer clientId=consumer-1, groupId=G1] Revoking previously assigned partitions []
2019-12-13 14:40:32.846  INFO 24323 --- [org.springframework.kafka.KafkaListenerEndpointContainer#0-0-C-1] o.s.k.l.KafkaMessageListenerContainer    : G1: partitions revoked: []
2019-12-13 14:40:32.847  INFO 24323 --- [org.springframework.kafka.KafkaListenerEndpointContainer#0-0-C-1] o.a.k.c.c.internals.AbstractCoordinator  : [Consumer clientId=consumer-1, groupId=G1] (Re-)joining group
2019-12-13 14:40:32.911  INFO 24323 --- [org.springframework.kafka.KafkaListenerEndpointContainer#0-0-C-1] o.a.k.c.c.internals.AbstractCoordinator  : [Consumer clientId=consumer-1, groupId=G1] (Re-)joining group
2019-12-13 14:40:33.041  INFO 24323 --- [org.springframework.kafka.KafkaListenerEndpointContainer#0-0-C-1] o.a.k.c.c.internals.AbstractCoordinator  : [Consumer clientId=consumer-1, groupId=G1] Successfully joined group with generation 21
2019-12-13 14:40:33.056  INFO 24323 --- [org.springframework.kafka.KafkaListenerEndpointContainer#0-0-C-1] o.a.k.c.c.internals.ConsumerCoordinator  : [Consumer clientId=consumer-1, groupId=G1] Setting newly assigned partitions: asw.kafka.channel.beta-1, asw.kafka.channel.beta-0
2019-12-13 14:40:33.094  INFO 24323 --- [org.springframework.kafka.KafkaListenerEndpointContainer#0-0-C-1] o.a.k.c.c.internals.ConsumerCoordinator  : [Consumer clientId=consumer-1, groupId=G1] Setting offset for partition asw.kafka.channel.beta-1 to the committed offset FetchPosition{offset=14, offsetEpoch=Optional.empty, currentLeader=LeaderAndEpoch{leader=10.11.1.111:9092 (id: 1001 rack: null), epoch=0}}
2019-12-13 14:40:33.096  INFO 24323 --- [org.springframework.kafka.KafkaListenerEndpointContainer#0-0-C-1] o.a.k.c.c.internals.ConsumerCoordinator  : [Consumer clientId=consumer-1, groupId=G1] Setting offset for partition asw.kafka.channel.beta-0 to the committed offset FetchPosition{offset=16, offsetEpoch=Optional.empty, currentLeader=LeaderAndEpoch{leader=10.11.1.111:9092 (id: 1001 rack: null), epoch=0}}
2019-12-13 14:40:33.127  INFO 24323 --- [org.springframework.kafka.KafkaListenerEndpointContainer#0-0-C-1] o.s.k.l.KafkaMessageListenerContainer    : G1: partitions assigned: [asw.kafka.channel.beta-1, asw.kafka.channel.beta-0]
2019-12-13 14:40:46.950  INFO 24323 --- [org.springframework.kafka.KafkaListenerEndpointContainer#0-0-C-1] c.k.s.m.SimpleMessageListener            : MESSAGE LISTENER: ConsumerRecord(topic = asw.kafka.channel.beta, partition = 1, leaderEpoch = 0, offset = 14, CreateTime = 1576248046816, serialized key size = -1, serialized value size = 12, headers = RecordHeaders(headers = [], isReadOnly = false), key = null, value = Message #0)
2019-12-13 14:40:46.951  INFO 24323 --- [org.springframework.kafka.KafkaListenerEndpointContainer#0-0-C-1] c.k.s.domain.SimpleConsumerService       : RECEIVED MESSAGE: Message #0
2019-12-13 14:40:46.974  INFO 24323 --- [org.springframework.kafka.KafkaListenerEndpointContainer#0-0-C-1] c.k.s.m.SimpleMessageListener            : MESSAGE LISTENER: ConsumerRecord(topic = asw.kafka.channel.beta, partition = 1, leaderEpoch = 0, offset = 15, CreateTime = 1576248046878, serialized key size = -1, serialized value size = 12, headers = RecordHeaders(headers = [], isReadOnly = false), key = null, value = Message #4)
2019-12-13 14:40:46.974  INFO 24323 --- [org.springframework.kafka.KafkaListenerEndpointContainer#0-0-C-1] c.k.s.domain.SimpleConsumerService       : RECEIVED MESSAGE: Message #4
2019-12-13 14:40:46.977  INFO 24323 --- [org.springframework.kafka.KafkaListenerEndpointContainer#0-0-C-1] c.k.s.m.SimpleMessageListener            : MESSAGE LISTENER: ConsumerRecord(topic = asw.kafka.channel.beta, partition = 1, leaderEpoch = 0, offset = 16, CreateTime = 1576248046905, serialized key size = -1, serialized value size = 12, headers = RecordHeaders(headers = [], isReadOnly = false), key = null, value = Message #8)
2019-12-13 14:40:46.983  INFO 24323 --- [org.springframework.kafka.KafkaListenerEndpointContainer#0-0-C-1] c.k.s.domain.SimpleConsumerService       : RECEIVED MESSAGE: Message #8
2019-12-13 14:40:46.985  INFO 24323 --- [org.springframework.kafka.KafkaListenerEndpointContainer#0-0-C-1] c.k.s.m.SimpleMessageListener            : MESSAGE LISTENER: ConsumerRecord(topic = asw.kafka.channel.beta, partition = 0, leaderEpoch = 0, offset = 16, CreateTime = 1576248046849, serialized key size = -1, serialized value size = 12, headers = RecordHeaders(headers = [], isReadOnly = false), key = null, value = Message #1)
2019-12-13 14:40:46.986  INFO 24323 --- [org.springframework.kafka.KafkaListenerEndpointContainer#0-0-C-1] c.k.s.domain.SimpleConsumerService       : RECEIVED MESSAGE: Message #1
2019-12-13 14:40:46.987  INFO 24323 --- [org.springframework.kafka.KafkaListenerEndpointContainer#0-0-C-1] c.k.s.m.SimpleMessageListener            : MESSAGE LISTENER: ConsumerRecord(topic = asw.kafka.channel.beta, partition = 0, leaderEpoch = 0, offset = 17, CreateTime = 1576248046892, serialized key size = -1, serialized value size = 12, headers = RecordHeaders(headers = [], isReadOnly = false), key = null, value = Message #5)
2019-12-13 14:40:46.987  INFO 24323 --- [org.springframework.kafka.KafkaListenerEndpointContainer#0-0-C-1] c.k.s.domain.SimpleConsumerService       : RECEIVED MESSAGE: Message #5
2019-12-13 14:40:46.988  INFO 24323 --- [org.springframework.kafka.KafkaListenerEndpointContainer#0-0-C-1] c.k.s.m.SimpleMessageListener            : MESSAGE LISTENER: ConsumerRecord(topic = asw.kafka.channel.beta, partition = 0, leaderEpoch = 0, offset = 18, CreateTime = 1576248046909, serialized key size = -1, serialized value size = 12, headers = RecordHeaders(headers = [], isReadOnly = false), key = null, value = Message #9)
2019-12-13 14:40:46.994  INFO 24323 --- [org.springframework.kafka.KafkaListenerEndpointContainer#0-0-C-1] c.k.s.domain.SimpleConsumerService       : RECEIVED MESSAGE: Message #9
2019-12-13 14:40:47.676  INFO 24323 --- [org.springframework.kafka.KafkaListenerEndpointContainer#0-0-C-1] c.k.s.m.SimpleMessageListener            : MESSAGE LISTENER: ConsumerRecord(topic = asw.kafka.channel.beta, partition = 0, leaderEpoch = 0, offset = 19, CreateTime = 1576248047635, serialized key size = -1, serialized value size = 12, headers = RecordHeaders(headers = [], isReadOnly = false), key = null, value = Message #1)
2019-12-13 14:40:47.677  INFO 24323 --- [org.springframework.kafka.KafkaListenerEndpointContainer#0-0-C-1] c.k.s.domain.SimpleConsumerService       : RECEIVED MESSAGE: Message #1
2019-12-13 14:40:47.692  INFO 24323 --- [org.springframework.kafka.KafkaListenerEndpointContainer#0-0-C-1] c.k.s.m.SimpleMessageListener            : MESSAGE LISTENER: ConsumerRecord(topic = asw.kafka.channel.beta, partition = 1, leaderEpoch = 0, offset = 17, CreateTime = 1576248047627, serialized key size = -1, serialized value size = 12, headers = RecordHeaders(headers = [], isReadOnly = false), key = null, value = Message #0)
2019-12-13 14:40:47.693  INFO 24323 --- [org.springframework.kafka.KafkaListenerEndpointContainer#0-0-C-1] c.k.s.domain.SimpleConsumerService       : RECEIVED MESSAGE: Message #0
2019-12-13 14:40:47.694  INFO 24323 --- [org.springframework.kafka.KafkaListenerEndpointContainer#0-0-C-1] c.k.s.m.SimpleMessageListener            : MESSAGE LISTENER: ConsumerRecord(topic = asw.kafka.channel.beta, partition = 1, leaderEpoch = 0, offset = 18, CreateTime = 1576248047644, serialized key size = -1, serialized value size = 12, headers = RecordHeaders(headers = [], isReadOnly = false), key = null, value = Message #4)
2019-12-13 14:40:47.694  INFO 24323 --- [org.springframework.kafka.KafkaListenerEndpointContainer#0-0-C-1] c.k.s.domain.SimpleConsumerService       : RECEIVED MESSAGE: Message #4
2019-12-13 14:40:47.694  INFO 24323 --- [org.springframework.kafka.KafkaListenerEndpointContainer#0-0-C-1] c.k.s.m.SimpleMessageListener            : MESSAGE LISTENER: ConsumerRecord(topic = asw.kafka.channel.beta, partition = 1, leaderEpoch = 0, offset = 19, CreateTime = 1576248047663, serialized key size = -1, serialized value size = 12, headers = RecordHeaders(headers = [], isReadOnly = false), key = null, value = Message #8)
2019-12-13 14:40:47.694  INFO 24323 --- [org.springframework.kafka.KafkaListenerEndpointContainer#0-0-C-1] c.k.s.domain.SimpleConsumerService       : RECEIVED MESSAGE: Message #8
2019-12-13 14:40:47.695  INFO 24323 --- [org.springframework.kafka.KafkaListenerEndpointContainer#0-0-C-1] c.k.s.m.SimpleMessageListener            : MESSAGE LISTENER: ConsumerRecord(topic = asw.kafka.channel.beta, partition = 0, leaderEpoch = 0, offset = 20, CreateTime = 1576248047652, serialized key size = -1, serialized value size = 12, headers = RecordHeaders(headers = [], isReadOnly = false), key = null, value = Message #5)
2019-12-13 14:40:47.695  INFO 24323 --- [org.springframework.kafka.KafkaListenerEndpointContainer#0-0-C-1] c.k.s.domain.SimpleConsumerService       : RECEIVED MESSAGE: Message #5
2019-12-13 14:40:47.695  INFO 24323 --- [org.springframework.kafka.KafkaListenerEndpointContainer#0-0-C-1] c.k.s.m.SimpleMessageListener            : MESSAGE LISTENER: ConsumerRecord(topic = asw.kafka.channel.beta, partition = 0, leaderEpoch = 0, offset = 21, CreateTime = 1576248047665, serialized key size = -1, serialized value size = 12, headers = RecordHeaders(headers = [], isReadOnly = false), key = null, value = Message #9)
2019-12-13 14:40:47.696  INFO 24323 --- [org.springframework.kafka.KafkaListenerEndpointContainer#0-0-C-1] c.k.s.domain.SimpleConsumerService       : RECEIVED MESSAGE: Message #9
2019-12-13 14:42:01.669  INFO 24323 --- [org.springframework.kafka.KafkaListenerEndpointContainer#0-0-C-1] o.a.k.c.c.internals.AbstractCoordinator  : [Consumer clientId=consumer-1, groupId=G1] Member consumer-1-6a1f1e45-dc6d-4be3-8da8-ec282e0596b1 sending LeaveGroup request to coordinator 10.11.1.111:9092 (id: 2147482646 rack: null)
2019-12-13 14:42:01.673  INFO 24323 --- [org.springframework.kafka.KafkaListenerEndpointContainer#0-0-C-1] o.a.k.clients.consumer.KafkaConsumer     : [Consumer clientId=consumer-1, groupId=G1] Unsubscribed all topics or patterns and assigned partitions
2019-12-13 14:42:01.674  INFO 24323 --- [org.springframework.kafka.KafkaListenerEndpointContainer#0-0-C-1] o.s.s.c.ThreadPoolTaskScheduler          : Shutting down ExecutorService
2019-12-13 14:42:01.695  INFO 24323 --- [org.springframework.kafka.KafkaListenerEndpointContainer#0-0-C-1] essageListenerContainer$ListenerConsumer : G1: Consumer stopped
