2019-12-13 14:40:24.324  INFO 24216 --- [main] a.k.s.SimpleConsumerApplication          : Starting SimpleConsumerApplication on workstation with PID 24216 (/home/asw/projects/asw-840-kafka/a-simple-messaging/simple-consumer/build/classes/java/main started by vagrant in /home/asw/projects/asw-840-kafka/a-simple-messaging/simple-consumer)
2019-12-13 14:40:24.338  INFO 24216 --- [main] a.k.s.SimpleConsumerApplication          : No active profile set, falling back to default profiles: default
2019-12-13 14:40:28.471  INFO 24216 --- [main] o.a.k.clients.admin.AdminClientConfig    : AdminClientConfig values: 
	bootstrap.servers = [10.11.1.111:9092]
	client.dns.lookup = default
	client.id = 
	connections.max.idle.ms = 300000
	metadata.max.age.ms = 300000
	metric.reporters = []
	metrics.num.samples = 2
	metrics.recording.level = INFO
	metrics.sample.window.ms = 30000
	receive.buffer.bytes = 65536
	reconnect.backoff.max.ms = 1000
	reconnect.backoff.ms = 50
	request.timeout.ms = 120000
	retries = 5
	retry.backoff.ms = 100
	sasl.client.callback.handler.class = null
	sasl.jaas.config = null
	sasl.kerberos.kinit.cmd = /usr/bin/kinit
	sasl.kerberos.min.time.before.relogin = 60000
	sasl.kerberos.service.name = null
	sasl.kerberos.ticket.renew.jitter = 0.05
	sasl.kerberos.ticket.renew.window.factor = 0.8
	sasl.login.callback.handler.class = null
	sasl.login.class = null
	sasl.login.refresh.buffer.seconds = 300
	sasl.login.refresh.min.period.seconds = 60
	sasl.login.refresh.window.factor = 0.8
	sasl.login.refresh.window.jitter = 0.05
	sasl.mechanism = GSSAPI
	security.protocol = PLAINTEXT
	send.buffer.bytes = 131072
	ssl.cipher.suites = null
	ssl.enabled.protocols = [TLSv1.2, TLSv1.1, TLSv1]
	ssl.endpoint.identification.algorithm = https
	ssl.key.password = null
	ssl.keymanager.algorithm = SunX509
	ssl.keystore.location = null
	ssl.keystore.password = null
	ssl.keystore.type = JKS
	ssl.protocol = TLS
	ssl.provider = null
	ssl.secure.random.implementation = null
	ssl.trustmanager.algorithm = PKIX
	ssl.truststore.location = null
	ssl.truststore.password = null
	ssl.truststore.type = JKS

2019-12-13 14:40:28.746  INFO 24216 --- [main] o.a.kafka.common.utils.AppInfoParser     : Kafka version: 2.3.1
2019-12-13 14:40:28.758  INFO 24216 --- [main] o.a.kafka.common.utils.AppInfoParser     : Kafka commitId: 18a913733fb71c01
2019-12-13 14:40:28.762  INFO 24216 --- [main] o.a.kafka.common.utils.AppInfoParser     : Kafka startTimeMs: 1576248028735
2019-12-13 14:40:29.461  INFO 24216 --- [main] o.a.k.clients.consumer.ConsumerConfig    : ConsumerConfig values: 
	allow.auto.create.topics = true
	auto.commit.interval.ms = 5000
	auto.offset.reset = latest
	bootstrap.servers = [10.11.1.111:9092]
	check.crcs = true
	client.dns.lookup = default
	client.id = 
	client.rack = 
	connections.max.idle.ms = 540000
	default.api.timeout.ms = 60000
	enable.auto.commit = false
	exclude.internal.topics = true
	fetch.max.bytes = 52428800
	fetch.max.wait.ms = 500
	fetch.min.bytes = 1
	group.id = G1
	group.instance.id = null
	heartbeat.interval.ms = 3000
	interceptor.classes = []
	internal.leave.group.on.close = true
	isolation.level = read_uncommitted
	key.deserializer = class org.apache.kafka.common.serialization.StringDeserializer
	max.partition.fetch.bytes = 1048576
	max.poll.interval.ms = 300000
	max.poll.records = 500
	metadata.max.age.ms = 300000
	metric.reporters = []
	metrics.num.samples = 2
	metrics.recording.level = INFO
	metrics.sample.window.ms = 30000
	partition.assignment.strategy = [class org.apache.kafka.clients.consumer.RangeAssignor]
	receive.buffer.bytes = 65536
	reconnect.backoff.max.ms = 1000
	reconnect.backoff.ms = 50
	request.timeout.ms = 30000
	retry.backoff.ms = 100
	sasl.client.callback.handler.class = null
	sasl.jaas.config = null
	sasl.kerberos.kinit.cmd = /usr/bin/kinit
	sasl.kerberos.min.time.before.relogin = 60000
	sasl.kerberos.service.name = null
	sasl.kerberos.ticket.renew.jitter = 0.05
	sasl.kerberos.ticket.renew.window.factor = 0.8
	sasl.login.callback.handler.class = null
	sasl.login.class = null
	sasl.login.refresh.buffer.seconds = 300
	sasl.login.refresh.min.period.seconds = 60
	sasl.login.refresh.window.factor = 0.8
	sasl.login.refresh.window.jitter = 0.05
	sasl.mechanism = GSSAPI
	security.protocol = PLAINTEXT
	send.buffer.bytes = 131072
	session.timeout.ms = 10000
	ssl.cipher.suites = null
	ssl.enabled.protocols = [TLSv1.2, TLSv1.1, TLSv1]
	ssl.endpoint.identification.algorithm = https
	ssl.key.password = null
	ssl.keymanager.algorithm = SunX509
	ssl.keystore.location = null
	ssl.keystore.password = null
	ssl.keystore.type = JKS
	ssl.protocol = TLS
	ssl.provider = null
	ssl.secure.random.implementation = null
	ssl.trustmanager.algorithm = PKIX
	ssl.truststore.location = null
	ssl.truststore.password = null
	ssl.truststore.type = JKS
	value.deserializer = class org.springframework.kafka.support.serializer.JsonDeserializer

2019-12-13 14:40:29.712  INFO 24216 --- [main] o.a.kafka.common.utils.AppInfoParser     : Kafka version: 2.3.1
2019-12-13 14:40:29.718  INFO 24216 --- [main] o.a.kafka.common.utils.AppInfoParser     : Kafka commitId: 18a913733fb71c01
2019-12-13 14:40:29.725  INFO 24216 --- [main] o.a.kafka.common.utils.AppInfoParser     : Kafka startTimeMs: 1576248029712
2019-12-13 14:40:29.736  INFO 24216 --- [main] o.a.k.clients.consumer.KafkaConsumer     : [Consumer clientId=consumer-1, groupId=G1] Subscribed to topic(s): asw.kafka.channel.beta
2019-12-13 14:40:29.745  INFO 24216 --- [main] o.s.s.c.ThreadPoolTaskScheduler          : Initializing ExecutorService
2019-12-13 14:40:29.879  INFO 24216 --- [org.springframework.kafka.KafkaListenerEndpointContainer#0-0-C-1] org.apache.kafka.clients.Metadata        : [Consumer clientId=consumer-1, groupId=G1] Cluster ID: E-9BuV8sQ_mEt08umOiEPw
2019-12-13 14:40:29.882  INFO 24216 --- [org.springframework.kafka.KafkaListenerEndpointContainer#0-0-C-1] o.a.k.c.c.internals.AbstractCoordinator  : [Consumer clientId=consumer-1, groupId=G1] Discovered group coordinator 10.11.1.111:9092 (id: 2147482646 rack: null)
2019-12-13 14:40:29.911  INFO 24216 --- [org.springframework.kafka.KafkaListenerEndpointContainer#0-0-C-1] o.a.k.c.c.internals.ConsumerCoordinator  : [Consumer clientId=consumer-1, groupId=G1] Revoking previously assigned partitions []
2019-12-13 14:40:29.930  INFO 24216 --- [org.springframework.kafka.KafkaListenerEndpointContainer#0-0-C-1] o.s.k.l.KafkaMessageListenerContainer    : G1: partitions revoked: []
2019-12-13 14:40:29.931  INFO 24216 --- [org.springframework.kafka.KafkaListenerEndpointContainer#0-0-C-1] o.a.k.c.c.internals.AbstractCoordinator  : [Consumer clientId=consumer-1, groupId=G1] (Re-)joining group
2019-12-13 14:40:29.929  INFO 24216 --- [main] a.k.s.SimpleConsumerApplication          : Started SimpleConsumerApplication in 7.4 seconds (JVM running for 8.556)
2019-12-13 14:40:29.973  INFO 24216 --- [org.springframework.kafka.KafkaListenerEndpointContainer#0-0-C-1] o.a.k.c.c.internals.AbstractCoordinator  : [Consumer clientId=consumer-1, groupId=G1] (Re-)joining group
2019-12-13 14:40:30.006  INFO 24216 --- [org.springframework.kafka.KafkaListenerEndpointContainer#0-0-C-1] o.a.k.c.c.internals.AbstractCoordinator  : [Consumer clientId=consumer-1, groupId=G1] Successfully joined group with generation 20
2019-12-13 14:40:30.015  INFO 24216 --- [org.springframework.kafka.KafkaListenerEndpointContainer#0-0-C-1] o.a.k.c.c.internals.ConsumerCoordinator  : [Consumer clientId=consumer-1, groupId=G1] Setting newly assigned partitions: asw.kafka.channel.beta-3, asw.kafka.channel.beta-2, asw.kafka.channel.beta-1, asw.kafka.channel.beta-0
2019-12-13 14:40:30.071  INFO 24216 --- [org.springframework.kafka.KafkaListenerEndpointContainer#0-0-C-1] o.a.k.c.c.internals.ConsumerCoordinator  : [Consumer clientId=consumer-1, groupId=G1] Setting offset for partition asw.kafka.channel.beta-3 to the committed offset FetchPosition{offset=16, offsetEpoch=Optional.empty, currentLeader=LeaderAndEpoch{leader=10.11.1.111:9092 (id: 1001 rack: null), epoch=0}}
2019-12-13 14:40:30.074  INFO 24216 --- [org.springframework.kafka.KafkaListenerEndpointContainer#0-0-C-1] o.a.k.c.c.internals.ConsumerCoordinator  : [Consumer clientId=consumer-1, groupId=G1] Setting offset for partition asw.kafka.channel.beta-2 to the committed offset FetchPosition{offset=14, offsetEpoch=Optional.empty, currentLeader=LeaderAndEpoch{leader=10.11.1.111:9092 (id: 1001 rack: null), epoch=0}}
2019-12-13 14:40:30.075  INFO 24216 --- [org.springframework.kafka.KafkaListenerEndpointContainer#0-0-C-1] o.a.k.c.c.internals.ConsumerCoordinator  : [Consumer clientId=consumer-1, groupId=G1] Setting offset for partition asw.kafka.channel.beta-1 to the committed offset FetchPosition{offset=14, offsetEpoch=Optional.empty, currentLeader=LeaderAndEpoch{leader=10.11.1.111:9092 (id: 1001 rack: null), epoch=0}}
2019-12-13 14:40:30.083  INFO 24216 --- [org.springframework.kafka.KafkaListenerEndpointContainer#0-0-C-1] o.a.k.c.c.internals.ConsumerCoordinator  : [Consumer clientId=consumer-1, groupId=G1] Setting offset for partition asw.kafka.channel.beta-0 to the committed offset FetchPosition{offset=16, offsetEpoch=Optional.empty, currentLeader=LeaderAndEpoch{leader=10.11.1.111:9092 (id: 1001 rack: null), epoch=0}}
2019-12-13 14:40:30.114  INFO 24216 --- [org.springframework.kafka.KafkaListenerEndpointContainer#0-0-C-1] o.s.k.l.KafkaMessageListenerContainer    : G1: partitions assigned: [asw.kafka.channel.beta-3, asw.kafka.channel.beta-2, asw.kafka.channel.beta-1, asw.kafka.channel.beta-0]
2019-12-13 14:40:33.024  INFO 24216 --- [org.springframework.kafka.KafkaListenerEndpointContainer#0-0-C-1] o.a.k.c.c.internals.AbstractCoordinator  : [Consumer clientId=consumer-1, groupId=G1] Attempt to heartbeat failed since group is rebalancing
2019-12-13 14:40:33.025  INFO 24216 --- [org.springframework.kafka.KafkaListenerEndpointContainer#0-0-C-1] o.a.k.c.c.internals.ConsumerCoordinator  : [Consumer clientId=consumer-1, groupId=G1] Revoking previously assigned partitions [asw.kafka.channel.beta-3, asw.kafka.channel.beta-2, asw.kafka.channel.beta-1, asw.kafka.channel.beta-0]
2019-12-13 14:40:33.026  INFO 24216 --- [org.springframework.kafka.KafkaListenerEndpointContainer#0-0-C-1] o.s.k.l.KafkaMessageListenerContainer    : G1: partitions revoked: [asw.kafka.channel.beta-3, asw.kafka.channel.beta-2, asw.kafka.channel.beta-1, asw.kafka.channel.beta-0]
2019-12-13 14:40:33.026  INFO 24216 --- [org.springframework.kafka.KafkaListenerEndpointContainer#0-0-C-1] o.a.k.c.c.internals.AbstractCoordinator  : [Consumer clientId=consumer-1, groupId=G1] (Re-)joining group
2019-12-13 14:40:33.036  INFO 24216 --- [org.springframework.kafka.KafkaListenerEndpointContainer#0-0-C-1] o.a.k.c.c.internals.AbstractCoordinator  : [Consumer clientId=consumer-1, groupId=G1] Successfully joined group with generation 21
2019-12-13 14:40:33.037  INFO 24216 --- [org.springframework.kafka.KafkaListenerEndpointContainer#0-0-C-1] o.a.k.c.c.internals.ConsumerCoordinator  : [Consumer clientId=consumer-1, groupId=G1] Setting newly assigned partitions: asw.kafka.channel.beta-3, asw.kafka.channel.beta-2
2019-12-13 14:40:33.043  INFO 24216 --- [org.springframework.kafka.KafkaListenerEndpointContainer#0-0-C-1] o.a.k.c.c.internals.ConsumerCoordinator  : [Consumer clientId=consumer-1, groupId=G1] Setting offset for partition asw.kafka.channel.beta-3 to the committed offset FetchPosition{offset=16, offsetEpoch=Optional.empty, currentLeader=LeaderAndEpoch{leader=10.11.1.111:9092 (id: 1001 rack: null), epoch=0}}
2019-12-13 14:40:33.045  INFO 24216 --- [org.springframework.kafka.KafkaListenerEndpointContainer#0-0-C-1] o.a.k.c.c.internals.ConsumerCoordinator  : [Consumer clientId=consumer-1, groupId=G1] Setting offset for partition asw.kafka.channel.beta-2 to the committed offset FetchPosition{offset=14, offsetEpoch=Optional.empty, currentLeader=LeaderAndEpoch{leader=10.11.1.111:9092 (id: 1001 rack: null), epoch=0}}
2019-12-13 14:40:33.056  INFO 24216 --- [org.springframework.kafka.KafkaListenerEndpointContainer#0-0-C-1] o.s.k.l.KafkaMessageListenerContainer    : G1: partitions assigned: [asw.kafka.channel.beta-3, asw.kafka.channel.beta-2]
2019-12-13 14:40:46.970  INFO 24216 --- [org.springframework.kafka.KafkaListenerEndpointContainer#0-0-C-1] c.k.s.m.SimpleMessageListener            : MESSAGE LISTENER: ConsumerRecord(topic = asw.kafka.channel.beta, partition = 3, leaderEpoch = 0, offset = 16, CreateTime = 1576248046853, serialized key size = -1, serialized value size = 12, headers = RecordHeaders(headers = [], isReadOnly = false), key = null, value = Message #2)
2019-12-13 14:40:46.973  INFO 24216 --- [org.springframework.kafka.KafkaListenerEndpointContainer#0-0-C-1] c.k.s.domain.SimpleConsumerService       : RECEIVED MESSAGE: Message #2
2019-12-13 14:40:47.006  INFO 24216 --- [org.springframework.kafka.KafkaListenerEndpointContainer#0-0-C-1] c.k.s.m.SimpleMessageListener            : MESSAGE LISTENER: ConsumerRecord(topic = asw.kafka.channel.beta, partition = 3, leaderEpoch = 0, offset = 17, CreateTime = 1576248046895, serialized key size = -1, serialized value size = 12, headers = RecordHeaders(headers = [], isReadOnly = false), key = null, value = Message #6)
2019-12-13 14:40:47.008  INFO 24216 --- [org.springframework.kafka.KafkaListenerEndpointContainer#0-0-C-1] c.k.s.domain.SimpleConsumerService       : RECEIVED MESSAGE: Message #6
2019-12-13 14:40:47.008  INFO 24216 --- [org.springframework.kafka.KafkaListenerEndpointContainer#0-0-C-1] c.k.s.m.SimpleMessageListener            : MESSAGE LISTENER: ConsumerRecord(topic = asw.kafka.channel.beta, partition = 2, leaderEpoch = 0, offset = 14, CreateTime = 1576248046861, serialized key size = -1, serialized value size = 12, headers = RecordHeaders(headers = [], isReadOnly = false), key = null, value = Message #3)
2019-12-13 14:40:47.009  INFO 24216 --- [org.springframework.kafka.KafkaListenerEndpointContainer#0-0-C-1] c.k.s.domain.SimpleConsumerService       : RECEIVED MESSAGE: Message #3
2019-12-13 14:40:47.011  INFO 24216 --- [org.springframework.kafka.KafkaListenerEndpointContainer#0-0-C-1] c.k.s.m.SimpleMessageListener            : MESSAGE LISTENER: ConsumerRecord(topic = asw.kafka.channel.beta, partition = 2, leaderEpoch = 0, offset = 15, CreateTime = 1576248046903, serialized key size = -1, serialized value size = 12, headers = RecordHeaders(headers = [], isReadOnly = false), key = null, value = Message #7)
2019-12-13 14:40:47.012  INFO 24216 --- [org.springframework.kafka.KafkaListenerEndpointContainer#0-0-C-1] c.k.s.domain.SimpleConsumerService       : RECEIVED MESSAGE: Message #7
2019-12-13 14:40:47.672  INFO 24216 --- [org.springframework.kafka.KafkaListenerEndpointContainer#0-0-C-1] c.k.s.m.SimpleMessageListener            : MESSAGE LISTENER: ConsumerRecord(topic = asw.kafka.channel.beta, partition = 3, leaderEpoch = 0, offset = 18, CreateTime = 1576248047636, serialized key size = -1, serialized value size = 12, headers = RecordHeaders(headers = [], isReadOnly = false), key = null, value = Message #2)
2019-12-13 14:40:47.672  INFO 24216 --- [org.springframework.kafka.KafkaListenerEndpointContainer#0-0-C-1] c.k.s.domain.SimpleConsumerService       : RECEIVED MESSAGE: Message #2
2019-12-13 14:40:47.699  INFO 24216 --- [org.springframework.kafka.KafkaListenerEndpointContainer#0-0-C-1] c.k.s.m.SimpleMessageListener            : MESSAGE LISTENER: ConsumerRecord(topic = asw.kafka.channel.beta, partition = 3, leaderEpoch = 0, offset = 19, CreateTime = 1576248047654, serialized key size = -1, serialized value size = 12, headers = RecordHeaders(headers = [], isReadOnly = false), key = null, value = Message #6)
2019-12-13 14:40:47.702  INFO 24216 --- [org.springframework.kafka.KafkaListenerEndpointContainer#0-0-C-1] c.k.s.domain.SimpleConsumerService       : RECEIVED MESSAGE: Message #6
2019-12-13 14:40:47.706  INFO 24216 --- [org.springframework.kafka.KafkaListenerEndpointContainer#0-0-C-1] c.k.s.m.SimpleMessageListener            : MESSAGE LISTENER: ConsumerRecord(topic = asw.kafka.channel.beta, partition = 2, leaderEpoch = 0, offset = 16, CreateTime = 1576248047638, serialized key size = -1, serialized value size = 12, headers = RecordHeaders(headers = [], isReadOnly = false), key = null, value = Message #3)
2019-12-13 14:40:47.710  INFO 24216 --- [org.springframework.kafka.KafkaListenerEndpointContainer#0-0-C-1] c.k.s.domain.SimpleConsumerService       : RECEIVED MESSAGE: Message #3
2019-12-13 14:40:47.712  INFO 24216 --- [org.springframework.kafka.KafkaListenerEndpointContainer#0-0-C-1] c.k.s.m.SimpleMessageListener            : MESSAGE LISTENER: ConsumerRecord(topic = asw.kafka.channel.beta, partition = 2, leaderEpoch = 0, offset = 17, CreateTime = 1576248047656, serialized key size = -1, serialized value size = 12, headers = RecordHeaders(headers = [], isReadOnly = false), key = null, value = Message #7)
2019-12-13 14:40:47.713  INFO 24216 --- [org.springframework.kafka.KafkaListenerEndpointContainer#0-0-C-1] c.k.s.domain.SimpleConsumerService       : RECEIVED MESSAGE: Message #7
2019-12-13 14:42:01.671  INFO 24216 --- [org.springframework.kafka.KafkaListenerEndpointContainer#0-0-C-1] o.a.k.c.c.internals.AbstractCoordinator  : [Consumer clientId=consumer-1, groupId=G1] Member consumer-1-72afa0df-3b27-433a-9e42-e273c68a7ef5 sending LeaveGroup request to coordinator 10.11.1.111:9092 (id: 2147482646 rack: null)
2019-12-13 14:42:01.674  INFO 24216 --- [org.springframework.kafka.KafkaListenerEndpointContainer#0-0-C-1] o.a.k.clients.consumer.KafkaConsumer     : [Consumer clientId=consumer-1, groupId=G1] Unsubscribed all topics or patterns and assigned partitions
2019-12-13 14:42:01.674  INFO 24216 --- [org.springframework.kafka.KafkaListenerEndpointContainer#0-0-C-1] o.s.s.c.ThreadPoolTaskScheduler          : Shutting down ExecutorService
2019-12-13 14:42:01.684  INFO 24216 --- [org.springframework.kafka.KafkaListenerEndpointContainer#0-0-C-1] essageListenerContainer$ListenerConsumer : G1: Consumer stopped
