2019-12-13 14:57:44.257  INFO 25121 --- [main] a.k.s.SimpleConsumerApplication          : Starting SimpleConsumerApplication on workstation with PID 25121 (/home/asw/projects/asw-840-kafka/a-simple-messaging/simple-consumer/build/classes/java/main started by vagrant in /home/asw/projects/asw-840-kafka/a-simple-messaging/simple-consumer)
2019-12-13 14:57:44.284  INFO 25121 --- [main] a.k.s.SimpleConsumerApplication          : No active profile set, falling back to default profiles: default
2019-12-13 14:57:48.821  INFO 25121 --- [main] o.a.k.clients.admin.AdminClientConfig    : AdminClientConfig values: 
	bootstrap.servers = [10.11.1.111:9092]
	client.dns.lookup = default
	client.id = 
	connections.max.idle.ms = 300000
	metadata.max.age.ms = 300000
	metric.reporters = []
	metrics.num.samples = 2
	metrics.recording.level = INFO
	metrics.sample.window.ms = 30000
	receive.buffer.bytes = 65536
	reconnect.backoff.max.ms = 1000
	reconnect.backoff.ms = 50
	request.timeout.ms = 120000
	retries = 5
	retry.backoff.ms = 100
	sasl.client.callback.handler.class = null
	sasl.jaas.config = null
	sasl.kerberos.kinit.cmd = /usr/bin/kinit
	sasl.kerberos.min.time.before.relogin = 60000
	sasl.kerberos.service.name = null
	sasl.kerberos.ticket.renew.jitter = 0.05
	sasl.kerberos.ticket.renew.window.factor = 0.8
	sasl.login.callback.handler.class = null
	sasl.login.class = null
	sasl.login.refresh.buffer.seconds = 300
	sasl.login.refresh.min.period.seconds = 60
	sasl.login.refresh.window.factor = 0.8
	sasl.login.refresh.window.jitter = 0.05
	sasl.mechanism = GSSAPI
	security.protocol = PLAINTEXT
	send.buffer.bytes = 131072
	ssl.cipher.suites = null
	ssl.enabled.protocols = [TLSv1.2, TLSv1.1, TLSv1]
	ssl.endpoint.identification.algorithm = https
	ssl.key.password = null
	ssl.keymanager.algorithm = SunX509
	ssl.keystore.location = null
	ssl.keystore.password = null
	ssl.keystore.type = JKS
	ssl.protocol = TLS
	ssl.provider = null
	ssl.secure.random.implementation = null
	ssl.trustmanager.algorithm = PKIX
	ssl.truststore.location = null
	ssl.truststore.password = null
	ssl.truststore.type = JKS

2019-12-13 14:57:49.080  INFO 25121 --- [main] o.a.kafka.common.utils.AppInfoParser     : Kafka version: 2.3.1
2019-12-13 14:57:49.088  INFO 25121 --- [main] o.a.kafka.common.utils.AppInfoParser     : Kafka commitId: 18a913733fb71c01
2019-12-13 14:57:49.098  INFO 25121 --- [main] o.a.kafka.common.utils.AppInfoParser     : Kafka startTimeMs: 1576249069078
2019-12-13 14:57:49.906  INFO 25121 --- [main] o.a.k.clients.consumer.ConsumerConfig    : ConsumerConfig values: 
	allow.auto.create.topics = true
	auto.commit.interval.ms = 5000
	auto.offset.reset = latest
	bootstrap.servers = [10.11.1.111:9092]
	check.crcs = true
	client.dns.lookup = default
	client.id = 
	client.rack = 
	connections.max.idle.ms = 540000
	default.api.timeout.ms = 60000
	enable.auto.commit = false
	exclude.internal.topics = true
	fetch.max.bytes = 52428800
	fetch.max.wait.ms = 500
	fetch.min.bytes = 1
	group.id = G1
	group.instance.id = null
	heartbeat.interval.ms = 3000
	interceptor.classes = []
	internal.leave.group.on.close = true
	isolation.level = read_uncommitted
	key.deserializer = class org.apache.kafka.common.serialization.StringDeserializer
	max.partition.fetch.bytes = 1048576
	max.poll.interval.ms = 300000
	max.poll.records = 500
	metadata.max.age.ms = 300000
	metric.reporters = []
	metrics.num.samples = 2
	metrics.recording.level = INFO
	metrics.sample.window.ms = 30000
	partition.assignment.strategy = [class org.apache.kafka.clients.consumer.RangeAssignor]
	receive.buffer.bytes = 65536
	reconnect.backoff.max.ms = 1000
	reconnect.backoff.ms = 50
	request.timeout.ms = 30000
	retry.backoff.ms = 100
	sasl.client.callback.handler.class = null
	sasl.jaas.config = null
	sasl.kerberos.kinit.cmd = /usr/bin/kinit
	sasl.kerberos.min.time.before.relogin = 60000
	sasl.kerberos.service.name = null
	sasl.kerberos.ticket.renew.jitter = 0.05
	sasl.kerberos.ticket.renew.window.factor = 0.8
	sasl.login.callback.handler.class = null
	sasl.login.class = null
	sasl.login.refresh.buffer.seconds = 300
	sasl.login.refresh.min.period.seconds = 60
	sasl.login.refresh.window.factor = 0.8
	sasl.login.refresh.window.jitter = 0.05
	sasl.mechanism = GSSAPI
	security.protocol = PLAINTEXT
	send.buffer.bytes = 131072
	session.timeout.ms = 10000
	ssl.cipher.suites = null
	ssl.enabled.protocols = [TLSv1.2, TLSv1.1, TLSv1]
	ssl.endpoint.identification.algorithm = https
	ssl.key.password = null
	ssl.keymanager.algorithm = SunX509
	ssl.keystore.location = null
	ssl.keystore.password = null
	ssl.keystore.type = JKS
	ssl.protocol = TLS
	ssl.provider = null
	ssl.secure.random.implementation = null
	ssl.trustmanager.algorithm = PKIX
	ssl.truststore.location = null
	ssl.truststore.password = null
	ssl.truststore.type = JKS
	value.deserializer = class org.springframework.kafka.support.serializer.JsonDeserializer

2019-12-13 14:57:50.095  INFO 25121 --- [main] o.a.kafka.common.utils.AppInfoParser     : Kafka version: 2.3.1
2019-12-13 14:57:50.096  INFO 25121 --- [main] o.a.kafka.common.utils.AppInfoParser     : Kafka commitId: 18a913733fb71c01
2019-12-13 14:57:50.097  INFO 25121 --- [main] o.a.kafka.common.utils.AppInfoParser     : Kafka startTimeMs: 1576249070095
2019-12-13 14:57:50.111  INFO 25121 --- [main] o.a.k.clients.consumer.KafkaConsumer     : [Consumer clientId=consumer-1, groupId=G1] Subscribed to topic(s): asw.kafka.channel.beta
2019-12-13 14:57:50.115  INFO 25121 --- [main] o.s.s.c.ThreadPoolTaskScheduler          : Initializing ExecutorService
2019-12-13 14:57:50.233  INFO 25121 --- [main] a.k.s.SimpleConsumerApplication          : Started SimpleConsumerApplication in 7.568 seconds (JVM running for 9.167)
2019-12-13 14:57:50.290  INFO 25121 --- [org.springframework.kafka.KafkaListenerEndpointContainer#0-0-C-1] org.apache.kafka.clients.Metadata        : [Consumer clientId=consumer-1, groupId=G1] Cluster ID: E-9BuV8sQ_mEt08umOiEPw
2019-12-13 14:57:50.296  INFO 25121 --- [org.springframework.kafka.KafkaListenerEndpointContainer#0-0-C-1] o.a.k.c.c.internals.AbstractCoordinator  : [Consumer clientId=consumer-1, groupId=G1] Discovered group coordinator 10.11.1.111:9092 (id: 2147482646 rack: null)
2019-12-13 14:57:50.331  INFO 25121 --- [org.springframework.kafka.KafkaListenerEndpointContainer#0-0-C-1] o.a.k.c.c.internals.ConsumerCoordinator  : [Consumer clientId=consumer-1, groupId=G1] Revoking previously assigned partitions []
2019-12-13 14:57:50.334  INFO 25121 --- [org.springframework.kafka.KafkaListenerEndpointContainer#0-0-C-1] o.s.k.l.KafkaMessageListenerContainer    : G1: partitions revoked: []
2019-12-13 14:57:50.334  INFO 25121 --- [org.springframework.kafka.KafkaListenerEndpointContainer#0-0-C-1] o.a.k.c.c.internals.AbstractCoordinator  : [Consumer clientId=consumer-1, groupId=G1] (Re-)joining group
2019-12-13 14:57:50.363  INFO 25121 --- [org.springframework.kafka.KafkaListenerEndpointContainer#0-0-C-1] o.a.k.c.c.internals.AbstractCoordinator  : [Consumer clientId=consumer-1, groupId=G1] (Re-)joining group
2019-12-13 14:57:50.407  INFO 25121 --- [org.springframework.kafka.KafkaListenerEndpointContainer#0-0-C-1] o.a.k.c.c.internals.AbstractCoordinator  : [Consumer clientId=consumer-1, groupId=G1] Successfully joined group with generation 23
2019-12-13 14:57:50.421  INFO 25121 --- [org.springframework.kafka.KafkaListenerEndpointContainer#0-0-C-1] o.a.k.c.c.internals.ConsumerCoordinator  : [Consumer clientId=consumer-1, groupId=G1] Setting newly assigned partitions: asw.kafka.channel.beta-3, asw.kafka.channel.beta-2, asw.kafka.channel.beta-1, asw.kafka.channel.beta-0
2019-12-13 14:57:50.448  INFO 25121 --- [org.springframework.kafka.KafkaListenerEndpointContainer#0-0-C-1] o.a.k.c.c.internals.ConsumerCoordinator  : [Consumer clientId=consumer-1, groupId=G1] Setting offset for partition asw.kafka.channel.beta-3 to the committed offset FetchPosition{offset=20, offsetEpoch=Optional.empty, currentLeader=LeaderAndEpoch{leader=10.11.1.111:9092 (id: 1001 rack: null), epoch=0}}
2019-12-13 14:57:50.452  INFO 25121 --- [org.springframework.kafka.KafkaListenerEndpointContainer#0-0-C-1] o.a.k.c.c.internals.ConsumerCoordinator  : [Consumer clientId=consumer-1, groupId=G1] Setting offset for partition asw.kafka.channel.beta-2 to the committed offset FetchPosition{offset=18, offsetEpoch=Optional.empty, currentLeader=LeaderAndEpoch{leader=10.11.1.111:9092 (id: 1001 rack: null), epoch=0}}
2019-12-13 14:57:50.455  INFO 25121 --- [org.springframework.kafka.KafkaListenerEndpointContainer#0-0-C-1] o.a.k.c.c.internals.ConsumerCoordinator  : [Consumer clientId=consumer-1, groupId=G1] Setting offset for partition asw.kafka.channel.beta-1 to the committed offset FetchPosition{offset=20, offsetEpoch=Optional.empty, currentLeader=LeaderAndEpoch{leader=10.11.1.111:9092 (id: 1001 rack: null), epoch=0}}
2019-12-13 14:57:50.457  INFO 25121 --- [org.springframework.kafka.KafkaListenerEndpointContainer#0-0-C-1] o.a.k.c.c.internals.ConsumerCoordinator  : [Consumer clientId=consumer-1, groupId=G1] Setting offset for partition asw.kafka.channel.beta-0 to the committed offset FetchPosition{offset=22, offsetEpoch=Optional.empty, currentLeader=LeaderAndEpoch{leader=10.11.1.111:9092 (id: 1001 rack: null), epoch=0}}
2019-12-13 14:57:50.480  INFO 25121 --- [org.springframework.kafka.KafkaListenerEndpointContainer#0-0-C-1] o.s.k.l.KafkaMessageListenerContainer    : G1: partitions assigned: [asw.kafka.channel.beta-3, asw.kafka.channel.beta-2, asw.kafka.channel.beta-1, asw.kafka.channel.beta-0]
2019-12-13 14:57:56.381  INFO 25121 --- [org.springframework.kafka.KafkaListenerEndpointContainer#0-0-C-1] c.k.s.m.SimpleMessageListener            : MESSAGE LISTENER: ConsumerRecord(topic = asw.kafka.channel.beta, partition = 3, leaderEpoch = 0, offset = 20, CreateTime = 1576249076259, serialized key size = -1, serialized value size = 12, headers = RecordHeaders(headers = [], isReadOnly = false), key = null, value = Message #1)
2019-12-13 14:57:56.389  INFO 25121 --- [org.springframework.kafka.KafkaListenerEndpointContainer#0-0-C-1] c.k.s.domain.SimpleConsumerService       : RECEIVED MESSAGE: Message #1
2019-12-13 14:57:56.401  INFO 25121 --- [org.springframework.kafka.KafkaListenerEndpointContainer#0-0-C-1] c.k.s.m.SimpleMessageListener            : MESSAGE LISTENER: ConsumerRecord(topic = asw.kafka.channel.beta, partition = 3, leaderEpoch = 0, offset = 21, CreateTime = 1576249076287, serialized key size = -1, serialized value size = 12, headers = RecordHeaders(headers = [], isReadOnly = false), key = null, value = Message #5)
2019-12-13 14:57:56.402  INFO 25121 --- [org.springframework.kafka.KafkaListenerEndpointContainer#0-0-C-1] c.k.s.domain.SimpleConsumerService       : RECEIVED MESSAGE: Message #5
2019-12-13 14:57:56.403  INFO 25121 --- [org.springframework.kafka.KafkaListenerEndpointContainer#0-0-C-1] c.k.s.m.SimpleMessageListener            : MESSAGE LISTENER: ConsumerRecord(topic = asw.kafka.channel.beta, partition = 3, leaderEpoch = 0, offset = 22, CreateTime = 1576249076317, serialized key size = -1, serialized value size = 12, headers = RecordHeaders(headers = [], isReadOnly = false), key = null, value = Message #9)
2019-12-13 14:57:56.404  INFO 25121 --- [org.springframework.kafka.KafkaListenerEndpointContainer#0-0-C-1] c.k.s.domain.SimpleConsumerService       : RECEIVED MESSAGE: Message #9
2019-12-13 14:57:56.405  INFO 25121 --- [org.springframework.kafka.KafkaListenerEndpointContainer#0-0-C-1] c.k.s.m.SimpleMessageListener            : MESSAGE LISTENER: ConsumerRecord(topic = asw.kafka.channel.beta, partition = 2, leaderEpoch = 0, offset = 18, CreateTime = 1576249076263, serialized key size = -1, serialized value size = 12, headers = RecordHeaders(headers = [], isReadOnly = false), key = null, value = Message #2)
2019-12-13 14:57:56.406  INFO 25121 --- [org.springframework.kafka.KafkaListenerEndpointContainer#0-0-C-1] c.k.s.domain.SimpleConsumerService       : RECEIVED MESSAGE: Message #2
2019-12-13 14:57:56.408  INFO 25121 --- [org.springframework.kafka.KafkaListenerEndpointContainer#0-0-C-1] c.k.s.m.SimpleMessageListener            : MESSAGE LISTENER: ConsumerRecord(topic = asw.kafka.channel.beta, partition = 2, leaderEpoch = 0, offset = 19, CreateTime = 1576249076299, serialized key size = -1, serialized value size = 12, headers = RecordHeaders(headers = [], isReadOnly = false), key = null, value = Message #6)
2019-12-13 14:57:56.410  INFO 25121 --- [org.springframework.kafka.KafkaListenerEndpointContainer#0-0-C-1] c.k.s.domain.SimpleConsumerService       : RECEIVED MESSAGE: Message #6
2019-12-13 14:57:56.417  INFO 25121 --- [org.springframework.kafka.KafkaListenerEndpointContainer#0-0-C-1] c.k.s.m.SimpleMessageListener            : MESSAGE LISTENER: ConsumerRecord(topic = asw.kafka.channel.beta, partition = 1, leaderEpoch = 0, offset = 20, CreateTime = 1576249076270, serialized key size = -1, serialized value size = 12, headers = RecordHeaders(headers = [], isReadOnly = false), key = null, value = Message #3)
2019-12-13 14:57:56.420  INFO 25121 --- [org.springframework.kafka.KafkaListenerEndpointContainer#0-0-C-1] c.k.s.domain.SimpleConsumerService       : RECEIVED MESSAGE: Message #3
2019-12-13 14:57:56.421  INFO 25121 --- [org.springframework.kafka.KafkaListenerEndpointContainer#0-0-C-1] c.k.s.m.SimpleMessageListener            : MESSAGE LISTENER: ConsumerRecord(topic = asw.kafka.channel.beta, partition = 1, leaderEpoch = 0, offset = 21, CreateTime = 1576249076305, serialized key size = -1, serialized value size = 12, headers = RecordHeaders(headers = [], isReadOnly = false), key = null, value = Message #7)
2019-12-13 14:57:56.443  INFO 25121 --- [org.springframework.kafka.KafkaListenerEndpointContainer#0-0-C-1] c.k.s.domain.SimpleConsumerService       : RECEIVED MESSAGE: Message #7
2019-12-13 14:57:56.444  INFO 25121 --- [org.springframework.kafka.KafkaListenerEndpointContainer#0-0-C-1] c.k.s.m.SimpleMessageListener            : MESSAGE LISTENER: ConsumerRecord(topic = asw.kafka.channel.beta, partition = 0, leaderEpoch = 0, offset = 22, CreateTime = 1576249076249, serialized key size = -1, serialized value size = 12, headers = RecordHeaders(headers = [], isReadOnly = false), key = null, value = Message #0)
2019-12-13 14:57:56.445  INFO 25121 --- [org.springframework.kafka.KafkaListenerEndpointContainer#0-0-C-1] c.k.s.domain.SimpleConsumerService       : RECEIVED MESSAGE: Message #0
2019-12-13 14:57:56.446  INFO 25121 --- [org.springframework.kafka.KafkaListenerEndpointContainer#0-0-C-1] c.k.s.m.SimpleMessageListener            : MESSAGE LISTENER: ConsumerRecord(topic = asw.kafka.channel.beta, partition = 0, leaderEpoch = 0, offset = 23, CreateTime = 1576249076272, serialized key size = -1, serialized value size = 12, headers = RecordHeaders(headers = [], isReadOnly = false), key = null, value = Message #4)
2019-12-13 14:57:56.450  INFO 25121 --- [org.springframework.kafka.KafkaListenerEndpointContainer#0-0-C-1] c.k.s.domain.SimpleConsumerService       : RECEIVED MESSAGE: Message #4
2019-12-13 14:57:56.451  INFO 25121 --- [org.springframework.kafka.KafkaListenerEndpointContainer#0-0-C-1] c.k.s.m.SimpleMessageListener            : MESSAGE LISTENER: ConsumerRecord(topic = asw.kafka.channel.beta, partition = 0, leaderEpoch = 0, offset = 24, CreateTime = 1576249076312, serialized key size = -1, serialized value size = 12, headers = RecordHeaders(headers = [], isReadOnly = false), key = null, value = Message #8)
2019-12-13 14:57:56.451  INFO 25121 --- [org.springframework.kafka.KafkaListenerEndpointContainer#0-0-C-1] c.k.s.domain.SimpleConsumerService       : RECEIVED MESSAGE: Message #8
2019-12-13 14:58:20.017  INFO 25121 --- [org.springframework.kafka.KafkaListenerEndpointContainer#0-0-C-1] o.a.k.c.c.internals.AbstractCoordinator  : [Consumer clientId=consumer-1, groupId=G1] Member consumer-1-955d62d6-38df-433d-9b0d-a0fb99d053ab sending LeaveGroup request to coordinator 10.11.1.111:9092 (id: 2147482646 rack: null)
2019-12-13 14:58:20.020  INFO 25121 --- [org.springframework.kafka.KafkaListenerEndpointContainer#0-0-C-1] o.a.k.clients.consumer.KafkaConsumer     : [Consumer clientId=consumer-1, groupId=G1] Unsubscribed all topics or patterns and assigned partitions
2019-12-13 14:58:20.022  INFO 25121 --- [org.springframework.kafka.KafkaListenerEndpointContainer#0-0-C-1] o.s.s.c.ThreadPoolTaskScheduler          : Shutting down ExecutorService
2019-12-13 14:58:20.034  INFO 25121 --- [org.springframework.kafka.KafkaListenerEndpointContainer#0-0-C-1] essageListenerContainer$ListenerConsumer : G1: Consumer stopped
